<resources>
<jsonData id="testData">{
		"Reinitialize": true,
		"Properties": {
			"weather": true,
			"activity": 0,
			"activityL": 1,
			"activityR": 2,
			"dialSize": 0,
			"percents": true,
			"mainColor":1,
			"tone":0,
			"d24": true,
			"weatherHourly": [0, 4, 4, 13, 1.9, -1, 0, 1, 2, 3, 4, 5, 6, 7, 8, 9, -1, -1, -1, -1, -1, -1, -1, -1, -1, -1, 2, 2, -1, -1, -1, -1, -1, -1, -1, -1, -1, -1, -1, 3],
			"location": [50.1,14.4]
		},
		"AfterLayoutCharProperties":
			{"lastLoad": "w"}
	}
	</jsonData>
</resources>