<resources>
<jsonData id="testData">{
		"Properties": {
			"weather": true,
			"activity": 6,
			"activityL": 1,
			"activityR": 2,
			"dialSize": 0,
			"percents": true,
			"d24": true,
			"weatherHourly": [10, 5, 4, 13, 1.100000, -1, -1, -1, -1, -1, -1, -1, -1, -1, -1, 2, 2, -1, -1, -1, -1, -1, -1, -1, -1, -1, -1, -1, 3],
			"calendar_ids": ["myneur@gmail.com", "petr.meissner@gmail.com"]
		},

		"AfterLayoutCharProperties":
			{"lastLoad": "w"}
		},
		"Reinitialize": true
	}
	</jsonData>
</resources>