<resources><jsonData id="testData">{"Reinitialize": true,"Properties": {"tone":4, "weather": true,"activity": 6,"dialSize":0,"location": [50.1,14.4],"calendar_ids": ["simply@myneur.eu","join@myneur.eu"]},"AfterLayoutCharProperties":{"lastLoad": "c"}}</jsonData></resources>
